<?xml version="1.0" encoding="UTF-8"?>
<testng-results skipped="0" failed="0" ignored="0" total="1" passed="1">
  <reporter-output>
  </reporter-output>
  <suite name="Default suite" duration-ms="5705" started-at="2021-11-09T11:17:05Z" finished-at="2021-11-09T11:17:11Z">
    <groups>
    </groups>
    <test name="Default test" duration-ms="5705" started-at="2021-11-09T11:17:05Z" finished-at="2021-11-09T11:17:11Z">
      <class name="org.springframework.samples.petclinic.seleniumwebdriver.FindOwnerTest">
        <test-method status="PASS" signature="test()[pri:0, instance:org.springframework.samples.petclinic.seleniumwebdriver.FindOwnerTest@589b3632]" name="test" duration-ms="5680" started-at="2021-11-09T11:17:05Z" finished-at="2021-11-09T11:17:11Z">
          <reporter-output>
          </reporter-output>
        </test-method> <!-- test -->
      </class> <!-- org.springframework.samples.petclinic.seleniumwebdriver.FindOwnerTest -->
    </test> <!-- Default test -->
  </suite> <!-- Default suite -->
</testng-results>
